0.9
0
1
2
3
4
5
6
7
8
9
[[0, 1, 2, 3, 4, 5, 6, 7, 8, 9, 10, 11, 12, 13, 14, 15, 16, 17, 18, 19, 20, 21, 22, 23, 24, 25, 26, 27, 28, 29, 30, 31, 32, 33, 34, 35, 36, 37, 38, 39, 40, 41, 42, 43, 44, 45, 46, 47, 48, 49, 50, 51, 52, 53, 54, 55, 57, 58, 59, 62, 63, 64, 65, 66, 67, 68, 69, 70, 71, 72, 73, 74, 76, 77, 78, 79, 80, 81, 82, 83, 84, 85, 86, 87, 88, 89, 90, 91, 92, 93, 94, 95], [56], [60], [61], [75]]
len_all: 96
TP: 54
FP: 4136
TN: 373
FN: 65
RI: 0.09226447709593777
Precision: 0.012887828162291169
Recall: 0.453781512605042
F-value: 0.025063819911812484
ARI: -0.026254970220902462
0.91
0
1
2
3
4
5
6
7
8
9
[[0, 1, 2, 3, 4, 5, 6, 7, 8, 9, 10, 11, 12, 13, 14, 15, 16, 17, 18, 19, 20, 21, 22, 23, 24, 25, 26, 27, 28, 29, 30, 31, 32, 33, 34, 35, 36, 37, 38, 39, 40, 41, 42, 43, 44, 45, 46, 47, 48, 49, 50, 51, 52, 53, 54, 55, 57, 58, 59, 62, 63, 64, 65, 66, 67, 68, 69, 70, 71, 72, 73, 74, 76, 77, 78, 79, 80, 81, 82, 83, 84, 85, 86, 87, 88, 89, 90, 91, 92, 93, 94, 95], [56], [60], [61], [75]]
len_all: 96
TP: 54
FP: 4136
TN: 373
FN: 65
RI: 0.09226447709593777
Precision: 0.012887828162291169
Recall: 0.453781512605042
F-value: 0.025063819911812484
ARI: -0.026254970220902462
0.92
0
1
2
3
4
5
6
7
8
9
[[0, 1, 2, 3, 4, 5, 6, 7, 8, 9, 10, 11, 12, 13, 14, 15, 16, 17, 18, 19, 20, 21, 22, 23, 24, 25, 26, 27, 28, 29, 30, 31, 32, 33, 34, 35, 36, 37, 38, 39, 40, 41, 42, 43, 44, 45, 46, 47, 48, 49, 50, 51, 52, 53, 54, 55, 57, 58, 59, 62, 63, 64, 65, 66, 67, 68, 69, 70, 71, 72, 73, 74, 76, 77, 78, 79, 80, 81, 82, 83, 84, 85, 86, 87, 88, 89, 90, 91, 92, 93, 94, 95], [56], [60], [61], [75]]
len_all: 96
TP: 54
FP: 4136
TN: 373
FN: 65
RI: 0.09226447709593777
Precision: 0.012887828162291169
Recall: 0.453781512605042
F-value: 0.025063819911812484
ARI: -0.026254970220902462
0.93
0
1
2
3
4
5
6
7
8
9
[[0, 1, 2, 3, 4, 5, 6, 7, 8, 9, 10, 11, 12, 13, 14, 15, 16, 17, 18, 19, 20, 21, 22, 23, 24, 25, 26, 27, 28, 29, 30, 31, 32, 33, 34, 35, 36, 37, 38, 39, 40, 41, 42, 43, 44, 45, 46, 47, 48, 49, 50, 51, 52, 53, 54, 55, 57, 58, 59, 62, 63, 64, 65, 66, 67, 68, 69, 70, 71, 72, 73, 74, 76, 77, 78, 79, 80, 81, 82, 83, 84, 85, 86, 87, 88, 89, 90, 91, 92, 93, 94, 95], [56], [60], [61], [75]]
len_all: 96
TP: 54
FP: 4136
TN: 373
FN: 65
RI: 0.09226447709593777
Precision: 0.012887828162291169
Recall: 0.453781512605042
F-value: 0.025063819911812484
ARI: -0.026254970220902462
0.94
0
1
2
3
4
5
6
7
8
9
[[0, 1, 2, 3, 4, 5, 6, 7, 8, 9, 10, 11, 12, 13, 14, 15, 16, 17, 18, 19, 20, 21, 22, 23, 24, 25, 26, 27, 28, 29, 30, 31, 32, 33, 34, 35, 36, 37, 38, 39, 40, 41, 42, 43, 44, 45, 46, 47, 48, 49, 50, 51, 52, 53, 54, 55, 57, 58, 59, 62, 63, 64, 65, 66, 67, 68, 69, 70, 71, 72, 73, 74, 76, 77, 78, 79, 80, 81, 82, 83, 84, 85, 86, 87, 88, 89, 90, 91, 92, 93, 94, 95], [56], [60], [61], [75]]
len_all: 96
TP: 54
FP: 4136
TN: 373
FN: 65
RI: 0.09226447709593777
Precision: 0.012887828162291169
Recall: 0.453781512605042
F-value: 0.025063819911812484
ARI: -0.026254970220902462
0.95
0
1
2
3
4
5
6
7
8
9
[[0, 1, 2, 3, 4, 5, 6, 7, 8, 9, 10, 11, 12, 13, 14, 15, 16, 17, 18, 19, 20, 21, 22, 23, 24, 25, 26, 27, 28, 29, 30, 31, 32, 33, 34, 35, 36, 37, 38, 39, 40, 41, 42, 43, 44, 45, 46, 47, 48, 49, 50, 51, 52, 53, 54, 55, 57, 58, 59, 62, 63, 64, 65, 66, 67, 68, 69, 70, 71, 72, 73, 74, 76, 77, 78, 79, 80, 81, 82, 83, 84, 85, 86, 87, 88, 89, 90, 91, 92, 93, 94, 95], [56], [60], [61], [75]]
len_all: 96
TP: 54
FP: 4136
TN: 373
FN: 65
RI: 0.09226447709593777
Precision: 0.012887828162291169
Recall: 0.453781512605042
F-value: 0.025063819911812484
ARI: -0.026254970220902462
0.96
0
1
2
3
4
5
6
7
8
9
[[0, 1, 2, 3, 4, 5, 6, 7, 8, 9, 10, 11, 12, 13, 14, 15, 16, 17, 18, 19, 20, 21, 22, 23, 24, 25, 26, 27, 28, 29, 30, 31, 32, 33, 34, 35, 36, 37, 38, 39, 40, 41, 42, 43, 44, 45, 46, 47, 48, 49, 50, 51, 52, 53, 54, 55, 57, 58, 59, 62, 63, 64, 65, 66, 67, 68, 69, 70, 71, 72, 73, 74, 76, 77, 78, 79, 80, 81, 82, 83, 84, 85, 86, 87, 88, 89, 90, 91, 92, 93, 94, 95], [56], [60], [61], [75]]
len_all: 96
TP: 54
FP: 4136
TN: 373
FN: 65
RI: 0.09226447709593777
Precision: 0.012887828162291169
Recall: 0.453781512605042
F-value: 0.025063819911812484
ARI: -0.026254970220902462
0.97
0
1
2
3
4
5
6
7
8
9
[[0, 1, 2, 3, 4, 5, 6, 7, 8, 9, 10, 11, 12, 13, 14, 15, 16, 17, 18, 19, 20, 21, 22, 23, 24, 25, 26, 27, 28, 29, 30, 31, 32, 33, 34, 35, 36, 37, 38, 39, 40, 41, 42, 43, 44, 45, 46, 47, 48, 49, 50, 51, 52, 53, 54, 55, 57, 58, 59, 62, 63, 64, 65, 66, 67, 68, 69, 70, 71, 72, 73, 74, 76, 77, 78, 79, 80, 81, 82, 83, 84, 85, 86, 87, 88, 89, 90, 91, 92, 93, 94, 95], [56], [60], [61], [75]]
len_all: 96
TP: 54
FP: 4136
TN: 373
FN: 65
RI: 0.09226447709593777
Precision: 0.012887828162291169
Recall: 0.453781512605042
F-value: 0.025063819911812484
ARI: -0.026254970220902462
0.98
0
1
2
3
4
5
6
7
8
9
[[0, 1, 2, 3, 4, 5, 6, 7, 8, 9, 10, 11, 12, 13, 14, 15, 16, 17, 18, 19, 20, 21, 22, 23, 24, 25, 26, 27, 28, 29, 30, 31, 32, 33, 34, 35, 36, 37, 38, 39, 40, 41, 42, 43, 44, 45, 46, 47, 48, 49, 50, 51, 52, 53, 54, 55, 57, 58, 59, 62, 63, 64, 65, 66, 67, 68, 69, 70, 71, 72, 73, 74, 76, 77, 78, 79, 80, 81, 82, 83, 84, 85, 86, 87, 88, 89, 90, 91, 92, 93, 94, 95], [56], [60], [61], [75]]
len_all: 96
TP: 54
FP: 4136
TN: 373
FN: 65
RI: 0.09226447709593777
Precision: 0.012887828162291169
Recall: 0.453781512605042
F-value: 0.025063819911812484
ARI: -0.026254970220902462
0.99
0
1
2
3
4
5
6
7
8
9
[[0, 1, 2, 3, 4, 5, 6, 7, 8, 9, 10, 11, 12, 13, 14, 15, 16, 17, 19, 20, 21, 22, 23, 24, 25, 27, 28, 29, 30, 31, 32, 33, 34, 35, 36, 37, 38, 39, 41, 42, 44, 45, 46, 47, 49, 50, 51, 52, 53, 54, 55, 58, 59, 65, 66, 67, 69, 71, 73, 74, 76, 77, 78, 79, 82, 85, 88, 90, 91, 92, 93, 94, 95], [18, 40, 43, 48, 63, 70, 80, 83, 84, 86, 89], [26, 57, 62, 64, 68, 72, 81, 87], [56], [60], [61], [75]]
len_all: 96
TP: 40
FP: 2675
TN: 1834
FN: 79
RI: 0.4049265341400173
Precision: 0.014732965009208104
Recall: 0.33613445378151263
F-value: 0.02822865208186309
ARI: -0.02212824776323697
