0.9
0
1
2
3
4
5
6
7
8
9
[[0, 1, 2, 6, 7, 8, 10, 11, 12, 13, 14, 15, 16, 21, 23, 29, 30, 32, 33, 36, 38, 39, 40, 41, 42, 44, 46, 47, 49, 50, 51, 52, 53, 54, 55, 57, 58, 59, 66, 67, 68, 69, 70, 71, 72, 73, 74, 76, 78, 80, 81, 82, 83, 84, 86, 88, 90, 95], [3, 5, 9, 45, 48], [4, 22, 37, 63, 64, 85, 87, 89, 91, 94], [17, 19, 24, 25, 26, 34], [18], [20], [27, 77, 79, 92, 93], [28], [31, 65], [35], [43], [56], [60], [61], [62], [75]]
len_all: 96
TP: 46
FP: 1698
TN: 2813
FN: 73
RI: 0.6174946004319655
Precision: 0.026376146788990827
Recall: 0.3865546218487395
F-value: 0.04938271604938272
ARI: 0.0013260877561226208
0.91
0
1
2
3
4
5
6
7
8
9
[[0, 1, 2, 6, 7, 8, 10, 11, 12, 13, 14, 15, 16, 21, 23, 29, 30, 32, 33, 36, 38, 39, 40, 41, 42, 44, 46, 47, 49, 50, 51, 52, 53, 54, 55, 57, 58, 59, 66, 67, 68, 69, 70, 71, 72, 73, 74, 76, 78, 80, 81, 82, 83, 84, 86, 88, 90, 95], [3, 5, 9, 45, 48], [4, 22, 37, 63, 64, 85, 87, 89, 91, 94], [17, 19, 24, 25, 26, 34], [18], [20], [27, 77, 79, 93], [28], [31, 65], [35], [43], [56], [60], [61], [62], [75], [92]]
len_all: 96
TP: 47
FP: 1694
TN: 2817
FN: 72
RI: 0.6185745140388769
Precision: 0.026995979322228605
Recall: 0.3949579831932773
F-value: 0.05053763440860215
ARI: 0.0025449402386744546
0.92
0
1
2
3
4
5
6
7
8
9
[[0, 17, 19, 24, 25, 26, 34], [1, 2, 6, 7, 8, 10, 11, 12, 13, 14, 15, 16, 21, 23, 29, 30, 32, 33, 36, 38, 40, 42, 44, 46, 47, 49, 51, 52, 53, 55, 57, 58, 66, 68, 69, 70, 71, 72, 74, 76, 78, 80, 81, 82, 83, 84, 86, 88, 90, 95], [3, 9, 45], [4], [5, 48], [18], [20], [22, 39, 41, 50, 54, 59, 63, 64, 67, 73, 85, 87, 89, 91, 94], [27, 77, 79, 93], [28], [31, 65], [35], [37], [43], [56], [60], [61], [62], [75], [92]]
len_all: 96
TP: 33
FP: 1342
TN: 3170
FN: 86
RI: 0.6916432735910171
Precision: 0.024
Recall: 0.2773109243697479
F-value: 0.04417670682730924
ARI: -0.003277572326876093
0.93
0
1
2
3
4
5
6
7
8
9
[[0, 17, 19, 24, 26, 34], [1, 10, 15, 16, 21, 23, 29, 33, 38, 40, 41, 46, 53, 55, 58, 63, 64, 69, 74, 78, 81, 82, 94, 95], [2, 6, 7, 8, 11, 12, 13, 14, 30, 32, 36, 42, 44, 47, 49, 51, 52, 57, 66, 68, 70, 71, 72, 76, 80, 83, 84, 88, 90], [3, 45], [4, 87], [5], [9], [18], [20], [22, 39, 50, 54, 59, 67, 73, 85, 86, 89, 91], [25], [27, 77, 79, 93], [28], [31, 65], [35], [37], [43], [48], [56], [60], [61], [62], [75], [92]]
len_all: 96
TP: 25
FP: 752
TN: 3759
FN: 94
RI: 0.8172786177105832
Precision: 0.032175032175032175
Recall: 0.21008403361344538
F-value: 0.05580357142857143
ARI: 0.01175056527550779
0.94
0
1
2
3
4
5
6
7
8
9
[[0, 17, 19, 24, 26, 34], [1, 10, 15, 16, 21, 23, 29, 33, 38, 40, 41, 46, 53, 55, 58, 63, 64, 69, 74, 78, 81, 82, 94, 95], [2, 6, 7, 8, 11, 12, 13, 14, 30, 32, 36, 42, 44, 47, 49, 51, 52, 57, 66, 68, 70, 71, 72, 76, 80, 83, 84, 88, 90], [3, 45], [4, 87], [5], [9], [18], [20], [22, 39, 50, 54, 59, 67, 73, 85, 86, 89, 91], [25], [27], [28], [31], [35], [37], [43], [48], [56], [60], [61], [62], [65], [75], [77], [79, 93], [92]]
len_all: 96
TP: 28
FP: 747
TN: 3765
FN: 91
RI: 0.819045562513496
Precision: 0.03612903225806452
Recall: 0.23529411764705882
F-value: 0.06263982102908278
ARI: 0.018931334916211285
0.95
0
1
2
3
4
5
6
7
8
9
[[0, 19, 24, 26, 34], [1, 10, 15, 16, 33, 38, 46, 74, 76], [2, 6, 7, 8, 11, 12, 13, 14, 23, 30, 32, 36, 42, 44, 47, 49, 51, 52, 53, 57, 66, 68, 70, 72, 80, 81, 83, 86, 88, 90, 95], [3], [4], [5], [9], [17], [18], [20], [21, 29, 58, 67, 71, 78, 84], [22, 39, 40, 41, 50, 54, 59, 63, 69, 73, 82, 85, 87, 91], [25], [27], [28], [31], [35], [37], [43], [45], [48], [55, 64, 94], [56], [60], [61], [62], [65], [75], [77], [79], [89], [92], [93]]
len_all: 96
TP: 39
FP: 614
TN: 3899
FN: 80
RI: 0.8501727115716753
Precision: 0.05972434915773354
Recall: 0.3277310924369748
F-value: 0.10103626943005181
ARI: 0.06019079137784353
0.96
0
1
2
3
4
5
6
7
8
9
[[0, 19, 24, 26, 34], [1, 10, 15, 16, 33, 46, 74], [2, 6, 7, 8, 11, 12, 13, 14, 32, 42, 44, 47, 51, 52, 53, 57, 66, 68, 69, 70, 72, 76, 80, 81, 83, 88, 95], [3], [4], [5], [9], [17], [18], [20], [21, 58, 78, 84], [22, 89], [23, 30, 36, 39, 40, 41, 49, 50, 54, 59, 73, 82, 85, 86, 87, 90, 91], [25], [27], [28], [29, 67, 71], [31], [35], [37], [38], [43], [45], [48], [55, 94], [56], [60], [61], [62], [63], [64], [65], [75], [77], [79], [92], [93]]
len_all: 96
TP: 33
FP: 525
TN: 3989
FN: 86
RI: 0.8681200086337146
Precision: 0.05913978494623656
Recall: 0.2773109243697479
F-value: 0.09748892171344166
ARI: 0.057586266707105184
0.97
0
1
2
3
4
5
6
7
8
9
[[0, 19], [1], [2, 6, 7, 8, 11, 12, 13, 36, 42, 47, 52, 53, 66, 68, 72, 80, 83, 88, 95], [3], [4], [5], [9], [10, 15, 16, 32, 33, 46, 70], [14, 51], [17], [18], [20], [21, 58, 78, 84], [22], [23, 30, 49, 86, 90], [24, 26, 34], [25], [27], [28], [29, 67, 71, 73], [31], [35], [37], [38], [39, 85], [40, 50, 69, 81, 82, 87], [41], [43], [44], [45], [48], [54, 59, 91], [55, 94], [56], [57], [60], [61], [62], [63], [64], [65], [74], [75], [76], [77], [79], [89], [92], [93]]
len_all: 96
TP: 36
FP: 240
TN: 4276
FN: 83
RI: 0.9303128371089536
Precision: 0.13043478260869565
Recall: 0.3025210084033613
F-value: 0.18227848101265823
ARI: 0.15184770360600905
0.98
0
1
2
3
4
5
6
7
8
9
[[0], [1], [2, 6, 7, 8, 11, 12, 13, 47, 52, 53, 66, 68, 72, 80, 83, 88], [3], [4], [5], [9], [10], [14, 51, 84], [15, 32, 70], [16, 46], [17], [18], [19], [20], [21, 58], [22], [23], [24, 26, 34], [25], [27], [28], [29, 73], [30, 36, 49, 86, 90], [31], [33], [35], [37], [38], [39], [40, 69, 81, 82, 87, 95], [41], [42, 57], [43], [44], [45], [48], [50], [54, 59, 91], [55], [56], [60], [61], [62], [63], [64], [65], [67], [71], [74], [75], [76], [77], [78], [79], [85], [89], [92], [93], [94]]
len_all: 96
TP: 42
FP: 168
TN: 4353
FN: 77
RI: 0.947198275862069
Precision: 0.2
Recall: 0.35294117647058826
F-value: 0.25531914893617025
ARI: 0.23011282829240542
0.99
0
1
2
3
4
5
6
7
8
9
[[0], [1], [2, 6, 11, 12, 13], [3], [4], [5], [7, 80], [8, 72], [9], [10], [14], [15], [16], [17], [18], [19], [20], [21], [22], [23], [24], [25], [26], [27], [28], [29], [30], [31], [32], [33], [34], [35], [36, 49], [37], [38], [39], [40], [41], [42], [43], [44], [45], [46], [47, 70, 88], [48], [50], [51], [52, 53, 81, 95], [54], [55], [56], [57], [58], [59], [60], [61], [62], [63], [64], [65], [66], [67], [68], [69], [71], [73], [74], [75], [76], [77], [78], [79], [82], [83], [84], [85], [86], [87], [89], [90], [91], [92], [93], [94]]
len_all: 96
TP: 56
FP: 44
TN: 4487
FN: 63
RI: 0.9769892473118279
Precision: 0.56
Recall: 0.47058823529411764
F-value: 0.5114155251141552
ARI: 0.49972349303705194
