Traceback (most recent call last):
  File "/root/data/NewsAthmTask2/untitled.py", line 2, in <module>
    from sentence_transformers import SentenceTransformer
ModuleNotFoundError: No module named 'sentence_transformers'
[0.99582803]
==============================================
[0.9984596]
==============================================
[0.9912847]
==============================================
[0.9971134]
==============================================
[0.9966662]
==============================================
[0.99700016]
==============================================
[0.99409145]
==============================================
[0.9968812]
==============================================
[0.9953135]
==============================================
[0.99598217]
==============================================
[0.99815303]
==============================================
[0.99943346]
==============================================
[0.99919826]
==============================================
[0.9902178]
==============================================
[0.9927893]
==============================================
[0.99852985]
==============================================
[0.9994283]
==============================================
[0.98464525]
==============================================
[0.9986042]
==============================================
[0.98978925]
==============================================
[0.9954276]
==============================================
[0.99487454]
==============================================
[0.9981617]
==============================================
[0.9978603]
==============================================
[0.9992222]
==============================================
[0.99033934]
==============================================
[0.99609053]
==============================================
[0.99697715]
==============================================
[0.99593997]
==============================================
[0.99938273]
==============================================
[0.99668175]
==============================================
[0.9955281]
==============================================
[0.9977325]
==============================================
[0.9989891]
==============================================
[0.99368453]
==============================================
[0.9979959]
==============================================
[0.9966133]
==============================================
[0.99477375]
==============================================
[0.9984556]
==============================================
[0.9859591]
==============================================
[0.99478316]
==============================================
[0.99507374]
==============================================
[0.9937724]
==============================================
[0.99916077]
==============================================
[0.997151]
==============================================
[0.9976743]
==============================================
[0.9950565]
==============================================
[0.9956011]
==============================================
[0.99667335]
==============================================
[0.9974517]
==============================================
[0.99836594]
==============================================
[0.99776405]
==============================================
[0.99883914]
==============================================
[0.9974866]
==============================================
[0.9966067]
==============================================
[0.029467829]
==============================================
[0.9970161, 0.026764195]
==============================================
[0.9980466, 0.029630823]
==============================================
[0.9956403, 0.026040211]
==============================================
[0.0057300176, 0.2823326]
==============================================
[0.051889546, 0.12024198, 0.20483592]
==============================================
[0.99698675, 0.026648581, 0.003014328, 0.05241362]
==============================================
[0.99458957, 0.036211, 0.01586692, 0.050426163]
==============================================
[0.9974688, 0.032983065, 0.0102869095, 0.05250515]
==============================================
[0.99191296, 0.03344676, 0.0091598295, 0.054966714]
==============================================
[0.99843216, 0.030994207, 0.010194033, 0.053015705]
==============================================
[0.9955524, 0.020451572, -0.0053086057, 0.053537477]
==============================================
[0.996238, 0.03195749, 0.008837212, 0.05558821]
==============================================
[0.98958784, 0.029347362, 0.007459948, 0.060950436]
==============================================
[0.99203515, 0.036694914, 0.017843582, 0.057179756]
==============================================
[0.9967155, 0.024522016, 0.00089830253, 0.052255124]
==============================================
[0.9972028, 0.03167716, 0.010466223, 0.050136752]
==============================================
[0.99883556, 0.030188024, 0.008505983, 0.05184273]
==============================================
[0.99760246, 0.031312384, 0.0065987175, 0.047214877]
==============================================
[0.099824026, 0.20850843, 0.14292458, 0.27572447]
==============================================
[0.9960621, 0.0223998, -0.004101086, 0.05126948, 0.09931101]
==============================================
[0.9985049, 0.02640951, 0.00049162656, 0.051713265, 0.09786844]
==============================================
[0.99679863, 0.027819488, 0.0055878973, 0.054014325, 0.100247845]
==============================================
[0.99765754, 0.032738812, 0.0072822054, 0.0478487, 0.09427103]
==============================================
[0.99507076, 0.03276991, 0.012696021, 0.0565597, 0.10029821]
==============================================
[0.9966283, 0.03068472, 0.006720513, 0.048653822, 0.09728352]
==============================================
[0.9973408, 0.031264123, 0.006853001, 0.05291253, 0.10148147]
==============================================
[0.99339527, 0.040071264, 0.021201009, 0.053585723, 0.10106389]
==============================================
[0.9949491, 0.036896378, 0.015471203, 0.05027028, 0.09808971]
==============================================
[0.9968513, 0.0304856, 0.005603445, 0.049771823, 0.09997217]
==============================================
[0.9932073, 0.036379166, 0.01678508, 0.051713966, 0.10063246]
==============================================
[0.9964713, 0.032583654, 0.00808741, 0.046302777, 0.09378562]
==============================================
[0.99521506, 0.036321312, 0.01667884, 0.048257895, 0.099657744]
==============================================
[0.9958802, 0.03707106, 0.013526671, 0.05200465, 0.09622425]
==============================================
[0.9988669, 0.027793525, 0.0016893963, 0.04909824, 0.09877346]
==============================================
[0.99887174, 0.026023366, 0.0020321803, 0.051549584, 0.09849962]
==============================================
[0.99763703, 0.034405768, 0.012157176, 0.052485634, 0.10065603]
==============================================
[0.9929725, 0.03248558, 0.011805583, 0.053666882, 0.10903542]
==============================================
[0.9961351, 0.033257827, 0.0106751835, 0.05319515, 0.101965]
==============================================
[0.99837625, 0.026509559, 0.0015841657, 0.050901763, 0.09869287]
==============================================
[0.9949194]
==============================================
[0.9971915]
==============================================
[0.99906725]
==============================================
[0.99626124]
==============================================
[0.9973661]
==============================================
[0.99200463]
==============================================
[0.99668247]
==============================================
[0.98738766]
==============================================
[0.98703176]
==============================================
[0.997172]
==============================================
[0.99836445]
==============================================
[0.99730384]
==============================================
[0.9980382]
==============================================
[0.99911225]
==============================================
[0.99774504]
==============================================
[0.99751216]
==============================================
[0.99539316]
==============================================
[0.9965262]
==============================================
[0.9980304]
==============================================
[0.9983618]
==============================================
[0.998618]
==============================================
[0.99450946]
==============================================
[0.99907625]
==============================================
[0.99901944]
==============================================
[0.99879956]
==============================================
[0.9975678]
==============================================
[0.99382436]
==============================================
[0.99825954]
==============================================
[0.9955391]
==============================================
[0.99943]
==============================================
[0.9995856]
==============================================
[0.9941907]
==============================================
[0.9946896]
==============================================
[0.99915767]
==============================================
[0.99924266]
==============================================
[0.99532425]
==============================================
[0.9974011]
==============================================
[0.9992168]
==============================================
[0.99751514]
==============================================
[0.9977562]
==============================================
[0.9948973]
==============================================
[0.9977901]
==============================================
[0.9968176]
==============================================
[0.9979398]
==============================================
[0.99862623]
==============================================
[0.99800223]
==============================================
[0.9988363]
==============================================
[0.99698055]
==============================================
[0.99587286]
==============================================
[0.99353004]
==============================================
[0.99920964]
==============================================
[0.9976256]
==============================================
[0.10146974]
==============================================
[0.99633217, 0.10309855]
==============================================
[0.99841154, 0.09787758]
==============================================
[0.99576056, 0.10193832]
==============================================
[0.9959067, 0.10193832]
==============================================
[0.9980749, 0.099738285]
==============================================
[0.04635399, 0.22456479]
==============================================
[0.9961772, 0.10136984, 0.047756255]
==============================================
[0.9970392, 0.09798139, 0.051014207]
==============================================
[0.9973442, 0.10944301, 0.047348674]
==============================================
[0.07314104, 0.11082241, 0.35362315]
==============================================
[0.9986352, 0.10152458, 0.048885744, 0.07597862]
==============================================
[0.99422294, 0.09868301, 0.049766235, 0.07671261]
==============================================
[0.9960235, 0.10416953, 0.04343702, 0.069304995]
==============================================
[0.9996566, 0.10057962, 0.04461082, 0.07172914]
==============================================
[0.99880517, 0.10263225, 0.04561282, 0.0738179]
==============================================
[0.99582756, 0.09983364, 0.050113514, 0.07560846]
==============================================
[0.99829024, 0.103905044, 0.04554216, 0.07482846]
==============================================
[0.99933285, 0.0979673, 0.042733345, 0.06987941]
==============================================
[0.9948165, 0.10236089, 0.045758072, 0.07522178]
==============================================
[0.9967531, 0.096598715, 0.04184381, 0.06886209]
==============================================
[0.9988847, 0.098909594, 0.048558343, 0.0746403]
==============================================
[0.99635226, 0.09601629, 0.040502097, 0.0682078]
==============================================
[0.99844253, 0.09713682, 0.038917705, 0.06813506]
==============================================
[0.9944689, 0.09646633, 0.04697314, 0.0732977]
==============================================
[0.9985381, 0.09872652, 0.044051345, 0.07352717]
==============================================
[0.9929774, 0.097323395, 0.045099467, 0.07193918]
==============================================
[0.99825966, 0.10475474, 0.052121162, 0.08031428]
==============================================
[0.999192, 0.10190624, 0.04639142, 0.07360335]
==============================================
[0.9915079, 0.10698005, 0.052396517, 0.07918516]
==============================================
[0.9986609, 0.104088366, 0.045447387, 0.07233773]
==============================================
[0.99854124, 0.09645794, 0.040411312, 0.06918147]
==============================================
[0.9964281, 0.09827203, 0.043736853, 0.07188723]
==============================================
[0.99849516, 0.09569079, 0.038581464, 0.06761164]
==============================================
[0.99457157, 0.10549157, 0.04894894, 0.07492488]
==============================================
[0.998007, 0.098049656, 0.043219768, 0.06936779]
==============================================
[0.9991883, 0.10091195, 0.047981285, 0.07371511]
==============================================
[0.9976143, 0.098627664, 0.04205142, 0.0695472]
==============================================
[0.9975548, 0.104478, 0.050940223, 0.07903841]
==============================================
[0.9943924, 0.10213598, 0.049995806, 0.07682608]
==============================================
[0.9973618, 0.1066716, 0.047026195, 0.073450804]
==============================================
[0.9927683, 0.10630378, 0.053437233, 0.08124334]
==============================================
[0.99762285, 0.10037608, 0.041234765, 0.06883022]
==============================================
[0.99893886, 0.09671296, 0.04333964, 0.069358125]
==============================================
[0.9976485, 0.09810704, 0.043795392, 0.07134443]
==============================================
[0.9985973, 0.106426425, 0.04981215, 0.07586354]
==============================================
[0.9970124, 0.102296874, 0.04521288, 0.072801284]
==============================================
[0.9992881, 0.098637186, 0.042386793, 0.070554584]
==============================================
[0.09028585, 0.085950255, 0.14219518, 0.23271106]
==============================================
[0.9960957, 0.09649677, 0.04363445, 0.06917626, 0.08065048]
==============================================
[0.99735564, 0.10242078, 0.049116038, 0.075390704, 0.09138714]
==============================================
[0.9986923, 0.10368356, 0.048619226, 0.075105526, 0.08668319]
==============================================
[0.9952196, 0.095161974, 0.043705396, 0.07455762, 0.08532788]
==============================================
[0.99559534, 0.1004145, 0.05017786, 0.073130704, 0.08523844]
==============================================
[0.998025, 0.098822415, 0.044600375, 0.07274319, 0.08530312]
==============================================
[0.9984638, 0.10526133, 0.049562417, 0.07677278, 0.09574871]
==============================================
[0.9979694, 0.09348604, 0.03857098, 0.06889343, 0.08664709]
==============================================
[0.99767905, 0.10592538, 0.048821926, 0.077960044, 0.09522093]
==============================================
[0.9990307, 0.09891207, 0.044345386, 0.07190863, 0.09094258]
==============================================
[0.999068, 0.101459265, 0.047603674, 0.07211247, 0.09401859]
==============================================
[0.99783266, 0.10701764, 0.049665667, 0.07519422, 0.08823325]
==============================================
[0.9982003, 0.108492345, 0.04855814, 0.07398484, 0.093721345]
==============================================
[0.99858004, 0.09835309, 0.04246164, 0.068269305, 0.08572384]
==============================================
[0.9945625, 0.10212003, 0.060065545, 0.082801834, 0.09097058]
==============================================
[0.9995881, 0.10007152, 0.044697758, 0.07185076, 0.088286944]
==============================================
[0.9936078, 0.1075747, 0.055565115, 0.079772025, 0.10533275]
==============================================
[0.9975572]
==============================================
[0.9980363]
==============================================
[0.99087805]
==============================================
[0.9889225]
==============================================
[0.9987652]
==============================================
[0.9984109]
==============================================
[0.99788654]
==============================================
[0.99226296]
==============================================
[0.99600244]
==============================================
[0.99778295]
==============================================
[0.99724555]
==============================================
[0.9957898]
==============================================
[0.9965807]
==============================================
[0.99803257]
==============================================
[0.99829596]
==============================================
[0.9985775]
==============================================
[0.9988331]
==============================================
[0.9981762]
==============================================
[0.9987355]
==============================================
[0.996948]
==============================================
[0.9989257]
==============================================
[0.9991526]
==============================================
[0.99489427]
==============================================
[0.997958]
==============================================
[0.9987082]
==============================================
[0.99496937]
==============================================
[0.9972441]
==============================================
[0.9986264]
==============================================
[0.99791694]
==============================================
[0.9989183]
==============================================
[0.998889]
==============================================
[0.99782324]
==============================================
[0.9976096]
==============================================
[0.995621]
==============================================
[0.07695784]
==============================================
[0.9970466, 0.07584639]
==============================================
[0.998198, 0.07474393]
==============================================
[0.9968189, 0.07658051]
==============================================
[0.9965882, 0.07795475]
==============================================
[0.99577165, 0.07558059]
==============================================
[0.056548506, 0.013754761]
==============================================
[0.99857545, 0.07609731, 0.052015737]
==============================================
[0.9979485, 0.079465024, 0.05911193]
==============================================
[0.9980025, 0.075164996, 0.05232388]
==============================================
[0.9969866, 0.0793086, 0.06389962]
==============================================
[0.9969366, 0.07662054, 0.060747746]
==============================================
[0.9961579, 0.07879537, 0.06691946]
==============================================
[0.9972923, 0.07826903, 0.06078902]
==============================================
[0.99644756, 0.077923, 0.06535956]
==============================================
[0.9985203, 0.07687598, 0.054744393]
==============================================
[0.99673593, 0.07381298, 0.043888412]
==============================================
[0.02102047, 0.23086287, 0.18841687]
==============================================
[0.9929625, 0.07991098, 0.064243786, 0.020883873]
==============================================
[0.99748766, 0.07572542, 0.051402286, 0.017358754]
==============================================
[0.9963323, 0.075326525, 0.058401372, 0.025443366]
==============================================
[0.9975946, 0.07806017, 0.055830725, 0.01722387]
==============================================
[0.9953419, 0.076668724, 0.05547801, 0.015681809]
==============================================
[0.9973696, 0.07576018, 0.052998304, 0.015338787]
==============================================
[0.9977754, 0.07775021, 0.057854153, 0.017138433]
==============================================
[0.9980662, 0.07540318, 0.051289793, 0.01590538]
==============================================
[0.98322463, 0.07594683, 0.059067316, 0.030830812]
==============================================
[0.99827266, 0.07730516, 0.049082655, 0.018844288]
==============================================
[0.9992074, 0.07611614, 0.05865245, 0.023104785]
==============================================
[0.99774534, 0.07565627, 0.06106934, 0.026145471]
==============================================
[0.9979686, 0.07881371, 0.05692763, 0.018413832]
==============================================
[0.99639773, 0.077692665, 0.05661653, 0.017412478]
==============================================
[0.9961627, 0.079048745, 0.06906021, 0.02479892]
==============================================
[0.99855095, 0.07485859, 0.04999464, 0.017673112]
==============================================
[0.99949694, 0.07825133, 0.0536391, 0.019123489]
==============================================
[0.9971117, 0.077447176, 0.05824051, 0.016620774]
==============================================
[0.9987545, 0.077351026, 0.05942548, 0.026185434]
==============================================
[0.9984174, 0.076602876, 0.059710115, 0.020542592]
==============================================
[0.9989015, 0.07670674, 0.053383626, 0.016256904]
==============================================
[0.99079156, 0.078133665, 0.062920265, 0.019674663]
==============================================
[0.99935615, 0.075811125, 0.055986263, 0.02068163]
==============================================
[0.9950496, 0.07431336, 0.053940125, 0.0136001725]
==============================================
[0.9984851, 0.07826875, 0.05879904, 0.026137289]
==============================================
[0.98937154, 0.08390017, 0.0673963, 0.02379352]
==============================================
[0.9915519, 0.074497454, 0.054329295, 0.014288422]
==============================================
[0.9989928, 0.07722378, 0.06284683, 0.021751825]
==============================================
[0.9922791]
==============================================
[0.9956669]
==============================================
[0.9989494]
==============================================
[0.9902208]
==============================================
[0.99839014]
==============================================
[0.9973842]
==============================================
[0.99790025]
==============================================
[0.99711984]
==============================================
[0.99815935]
==============================================
[0.99838215]
==============================================
[0.99614227]
==============================================
[0.99451745]
==============================================
[0.9977555]
==============================================
[0.99630487]
==============================================
[0.99222004]
==============================================
[0.9994331]
==============================================
[0.9985979]
==============================================
[0.99725306]
==============================================
[0.99904865]
==============================================
[0.9969213]
==============================================
[0.99898595]
==============================================
[0.9942472]
==============================================
[0.9978454]
==============================================
[0.9965899]
==============================================
[0.9961422]
==============================================
[0.99879444]
==============================================
[0.9962828]
==============================================
[0.99895585]
==============================================
[0.9984454]
==============================================
[0.09265651]
==============================================
[0.99789274, 0.090086184]
==============================================
[0.9983276, 0.09191409]
==============================================
[0.99415576, 0.08464837]
==============================================
[0.99731976, 0.10152288]
==============================================
[0.0409431, 0.18315592]
==============================================
[0.99553454, 0.10005745, 0.04612129]
==============================================
[0.99290645, 0.104605734, 0.04276603]
==============================================
[0.9967139, 0.0975661, 0.03914317]
==============================================
[0.9966621, 0.085357904, 0.038902853]
==============================================
[0.9985482, 0.08642214, 0.040343158]
==============================================
[0.9986201, 0.08642214, 0.040343158]
==============================================
[0.9979409, 0.08859802, 0.03772671]
==============================================
[0.99708223, 0.08900602, 0.04140522]
==============================================
[0.9961466, 0.09383248, 0.0390843]
==============================================
[0.9980068, 0.101350814, 0.040510014]
==============================================
[0.9990074, 0.08635158, 0.038476348]
==============================================
[0.9990075, 0.087147176, 0.03983488]
==============================================
[0.9937962, 0.089849785, 0.041631587]
==============================================
[0.9976613, 0.09166375, 0.037645027]
==============================================
[0.9971943, 0.10692331, 0.04499783]
==============================================
[0.9976533, 0.09055723, 0.04262206]
==============================================
[0.99630964, 0.089828834, 0.039435755]
==============================================
[0.9944624, 0.08532692, 0.039345555]
==============================================
[0.9981873, 0.0955351, 0.042919412]
==============================================
[0.99811465, 0.09098324, 0.039975874]
==============================================
[0.9941806, 0.08813554, 0.039465386]
==============================================
[0.99922013, 0.08689034, 0.039381247]
==============================================
[0.99801123, 0.09572645, 0.041708358]
==============================================
[0.99871194, 0.09171699, 0.040395077]
==============================================
[0.9972891, 0.09434281, 0.04043555]
==============================================
[0.9979809, 0.089917004, 0.042571373]
==============================================
[0.9993691, 0.090752095, 0.03953089]
==============================================
[0.9923628, 0.09056231, 0.038380273]
==============================================
[0.99873304, 0.09008482, 0.03796621]
==============================================
[0.9984575, 0.09150919, 0.038076147]
==============================================
[0.9990768, 0.08903094, 0.039016426]
==============================================
[0.9972845, 0.09242274, 0.03875657]
==============================================
[0.9983194, 0.09088657, 0.042184234]
==============================================
[0.9984064, 0.092395484, 0.04219105]
==============================================
[0.99865997, 0.090072796, 0.041307706]
==============================================
[0.9954325, 0.09474523, 0.040449]
==============================================
[0.08021248, 0.3431179, 0.12144202]
==============================================
[0.9977766, 0.087637424, 0.03762673, 0.07876081]
==============================================
[0.9962653, 0.0968765, 0.043305784, 0.08004317]
==============================================
[0.9962175]
==============================================
[0.9982829]
==============================================
[0.99758506]
==============================================
[0.9986535]
==============================================
[0.9914827]
==============================================
[0.9956752]
==============================================
[0.99183214]
==============================================
[0.9968791]
==============================================
[0.99661994]
==============================================
[0.9959094]
==============================================
[0.9989519]
==============================================
[0.99837285]
==============================================
[0.99752843]
==============================================
[0.99629635]
==============================================
[0.99692917]
==============================================
[0.9915943]
==============================================
[0.9928202]
==============================================
[0.9964463]
==============================================
[0.99813974]
==============================================
[0.99595284]
==============================================
[0.99795765]
==============================================
[0.99582195]
==============================================
[0.9989084]
==============================================
[0.9977113]
==============================================
[0.994691]
==============================================
[0.99583125]
==============================================
[0.99825954]
==============================================
[0.9989439]
==============================================
[0.99819297]
==============================================
[0.9933511]
==============================================
[0.9943293]
==============================================
[0.99745345]
==============================================
[0.9963354]
==============================================
[0.9952922]
==============================================
[0.99407214]
==============================================
[0.9959473]
==============================================
[0.9964434]
==============================================
[0.9943238]
==============================================
[0.9966028]
==============================================
[0.99592113]
==============================================
[0.9976292]
==============================================
[0.997186]
==============================================
[0.9983097]
==============================================
[0.9984012]
==============================================
[0.99886876]
==============================================
[0.9966867]
==============================================
[0.9980391]
==============================================
[0.036972016]
==============================================
[0.064810835, 0.34282002]
==============================================
[0.9981784, 0.035899356, 0.064441875]
==============================================
[0.9947158, 0.038815662, 0.07135142]
==============================================
[0.9986202, 0.03654036, 0.0660781]
==============================================
[0.9987047, 0.03379561, 0.058097377]
==============================================
[0.9936469, 0.044236355, 0.06793273]
==============================================
[0.99522364, 0.036175217, 0.06311943]
==============================================
[0.9967471, 0.03954679, 0.068118304]
==============================================
[0.996972, 0.035749517, 0.062050004]
==============================================
[0.997129, 0.03660997, 0.06878282]
==============================================
[0.9974848, 0.041222014, 0.068036914]
==============================================
[0.9982329, 0.03786978, 0.06526835]
==============================================
[0.9988945, 0.0353344, 0.060799785]
==============================================
[0.9993937, 0.035645366, 0.06080722]
==============================================
[0.9905009, 0.038055185, 0.07084024]
==============================================
[0.99671733, 0.042685896, 0.072011665]
==============================================
[0.9729429, 0.043199733, 0.08407167]
==============================================
[0.99439216, 0.03822667, 0.06445725, 0.9790695]
==============================================
[0.9863894, 0.046698183, 0.079637595, 0.9562197]
==============================================
[0.99791443, 0.033837155, 0.062076114, 0.9665267]
==============================================
[0.9945383, 0.041870803, 0.066562824, 0.9585347]
==============================================
[0.9983134, 0.03624507, 0.0653388, 0.96482164]
==============================================
[0.9983461, 0.036861464, 0.06855717, 0.97357106]
==============================================
[0.99892557, 0.03592263, 0.06409371, 0.9695169]
==============================================
[0.99798447, 0.034865662, 0.060312465, 0.97428536]
==============================================
[0.9973657, 0.040838867, 0.06558487, 0.9680053]
==============================================
[0.99881226, 0.03824335, 0.063702404, 0.96877706]
==============================================
[0.9965177, 0.042456027, 0.07489434, 0.9837321]
==============================================
[0.9982381, 0.035856012, 0.06384647, 0.9630664]
==============================================
[0.9970206, 0.03957986, 0.0710075, 0.9734642]
==============================================
[0.99846935, 0.039415587, 0.06468845, 0.9684195]
==============================================
[0.99192363, 0.032001078, 0.06048216, 0.9828723]
==============================================
[0.9920563, 0.03321471, 0.0649472, 0.9863209]
==============================================
[0.9941228, 0.03441631, 0.066232115, 0.9851277]
==============================================
[0.99738014, 0.040137872, 0.06881222, 0.96885496]
==============================================
[0.99825233, 0.03797542, 0.064370565, 0.97735566]
==============================================
[0.99686754, 0.041483667, 0.070235334, 0.97146875]
==============================================
[0.99772453, 0.03476331, 0.059335247, 0.9652216]
==============================================
[0.99525905, 0.033225276, 0.058070794, 0.9667711]
==============================================
[0.996676, 0.040689357, 0.065928146, 0.961907]
==============================================
[0.99424225, 0.042023815, 0.06982596, 0.9603956]
==============================================
[0.9985453, 0.03786423, 0.06221039, 0.9657476]
==============================================
[0.9933443, 0.043261126, 0.07591763, 0.96756786]
==============================================
[0.9929661, 0.033062458, 0.061265863, 0.98222065]
==============================================
[0.9937264, 0.0366324, 0.06571056, 0.9846045]
==============================================
[0.04424596, 0.16550179, 0.30013067, 0.067901134]
==============================================
[0.99825305, 0.03360959, 0.061176207, 0.9712838, 0.038256675]
==============================================
[0.9979264, 0.037711076, 0.06744632, 0.9623666, 0.045759123]
==============================================
[0.99628913, 0.032120425, 0.0559733, 0.9648131, 0.03262764]
==============================================
[0.99620897, 0.038084887, 0.06658969, 0.96485245, 0.04585018]
==============================================
[0.99627423, 0.032017082, 0.063361555, 0.9744775, 0.0422384]
==============================================
[0.99847686, 0.036626704, 0.06477821, 0.9636032, 0.044252757]
==============================================
[0.997215, 0.04270798, 0.0690662, 0.96746475, 0.045891225]
==============================================
[0.9961269, 0.03673573, 0.064069815, 0.97804195, 0.04474538]
==============================================
[0.9955453, 0.03788481, 0.06407353, 0.95536697, 0.041487012]
==============================================
[0.9986671, 0.037687548, 0.068146095, 0.9692578, 0.04811261]
==============================================
[0.99931765, 0.03688045, 0.06022448, 0.9701674, 0.0402717]
==============================================
[0.99785584, 0.039625227, 0.068466276, 0.96599734, 0.045980122]
==============================================
[0.9928212, 0.04443787, 0.07116658, 0.9778286, 0.058480218]
==============================================
[0.99545074, 0.04322471, 0.07547508, 0.983574, 0.056960188]
==============================================
[0.999419, 0.03689434, 0.0627382, 0.9709026, 0.04055579]
==============================================
[0.9984802, 0.038229648, 0.06766507, 0.97883797, 0.04662914]
==============================================
[0.9979234, 0.039112516, 0.06604661, 0.9650768, 0.04332298]
==============================================
[0.9966552, 0.04408262, 0.068393014, 0.9622429, 0.044991396]
==============================================
[0.9979369, 0.034940638, 0.060069557, 0.97478265, 0.04127907]
==============================================
[0.99810624, 0.035590682, 0.067346886, 0.9653083, 0.04224991]
==============================================
[0.99263555, 0.040932104, 0.071593896, 0.9885646, 0.054110184]
==============================================
[0.998643, 0.03710746, 0.06652613, 0.98079556, 0.04798021]
==============================================
[0.9979265, 0.04129055, 0.06777323, 0.96773624, 0.0433313]
==============================================
[0.99772286, 0.03638437, 0.06458063, 0.97956383, 0.045575153]
==============================================
[0.9943477, 0.04056018, 0.07195954, 0.96142805, 0.04830605]
==============================================
[0.9959008, 0.034836818, 0.063397974, 0.97894675, 0.042931225]
==============================================
[0.99830806, 0.042677, 0.07161668, 0.98045003, 0.04982936]
==============================================
[0.99504364, 0.038370766, 0.07112499, 0.9852673, 0.05277907]
==============================================
[0.9945204, 0.040362395, 0.06494483, 0.9773916, 0.045114964]
==============================================
[0.9980618, 0.033796668, 0.060343154, 0.9626805, 0.03742288]
==============================================
[0.9898965, 0.033809915, 0.061593194, 0.98435855, 0.043440226]
==============================================
[0.99830705, 0.036269974, 0.0614018, 0.97354215, 0.040464707]
==============================================
[0.9969393, 0.038079157, 0.06489073, 0.95956, 0.042510904]
==============================================
[0.08107765, 0.13737693, 0.13655189, 0.08731859, 0.1808755]
==============================================
[0.9991793]
==============================================
[0.9953132]
==============================================
[0.9973921]
==============================================
[0.99904335]
==============================================
[0.9987345]
==============================================
[0.99737656]
==============================================
[0.9988347]
==============================================
[0.9939145]
==============================================
[0.99735653]
==============================================
[0.9987172]
==============================================
[0.9954803]
==============================================
[0.9991754]
==============================================
[0.9915931]
==============================================
[0.99913746]
==============================================
[0.9982119]
==============================================
[0.99818164]
==============================================
[0.987444]
==============================================
[0.99743575]
==============================================
[0.9984493]
==============================================
[0.99767274]
==============================================
[0.99844164]
==============================================
[0.9956295]
==============================================
[0.9984598]
==============================================
[0.99610615]
==============================================
[0.99460673]
==============================================
[0.98716784]
==============================================
[0.99776787]
==============================================
[0.9973972]
==============================================
[0.99878633]
==============================================
[0.99852407]
==============================================
[0.99864185]
==============================================
[0.99615353]
==============================================
[0.9994091]
==============================================
[0.9967306]
==============================================
[0.9943988]
==============================================
[0.9974978]
==============================================
[0.9939635]
==============================================
[0.99591076]
==============================================
[0.9973307]
==============================================
[0.9988092]
==============================================
[0.99567366]
==============================================
[0.9973977]
==============================================
[0.998539]
==============================================
[0.99288034]
==============================================
[0.9948421]
==============================================
[0.9968889]
==============================================
[0.9982644]
==============================================
[0.9978199]
==============================================
[0.99110764]
==============================================
[0.9980862]
==============================================
[0.9992067]
==============================================
[0.99835104]
==============================================
[0.9919756]
==============================================
[0.9993392]
==============================================
[0.99761415]
==============================================
[0.99821943]
==============================================
[0.037436545]
==============================================
[0.9876671, 0.03746103]
==============================================
[0.07517555, 0.33391625]
==============================================
[-0.0023391182, 0.015260783, 0.13805957]
==============================================
[0.9938199, 0.039882164, 0.07756597, 0.011320108]
==============================================
[0.99878436, 0.036348015, 0.07344129, -0.008354635]
==============================================
[0.05071969, 0.2877522, 0.22309607, 0.032184355]
==============================================
[0.99765664, 0.03639569, 0.07505038, -0.012304731, 0.049668092]
==============================================
[0.9973069, 0.03314863, 0.067984566, -0.013121757, 0.045044396]
==============================================
[0.054395825, 0.070280105, 0.05496133, 0.18361875, 0.2245508]
==============================================
[0.9978793, 0.036531504, 0.07502304, 0.0037144553, 0.05096651, 0.0574785]
==============================================
[0.9976474, 0.036527608, 0.071858786, -0.004299676, 0.04933629, 0.054521702]
==============================================
[0.99847555, 0.039502848, 0.07574599, -0.0002075648, 0.05390951, 0.055621225]
==============================================
[0.9977983, 0.041238442, 0.07664737, 0.0021814695, 0.052218545, 0.05848735]
==============================================
[0.9993223, 0.035472047, 0.07187429, -0.005713488, 0.04656485, 0.05082628]
==============================================
[0.0135057205, 0.053660788, 0.09045595, 0.11775492, 0.10854444, 0.1566453]
==============================================
[0.99898267, 0.036233913, 0.07330088, -0.0084763365, 0.049557995, 0.051637404, 0.0094421785]
==============================================
[0.99886274, 0.04032559, 0.074118644, -0.0031815385, 0.05050827, 0.051809207, 0.0135915205]
==============================================
[0.9977522, 0.036328636, 0.07364202, 0.0008590063, 0.05036502, 0.05752491, 0.01156246]
==============================================
[0.9969614, 0.039276436, 0.07508838, 0.005391366, 0.051205233, 0.059180014, 0.016767683]
==============================================
[0.99701464, 0.035784632, 0.06950157, -0.01164616, 0.043496523, 0.05140809, 0.006103292]
==============================================
[0.024923198, 0.10670428, 0.22750953, 0.39168698, 0.20504165, 0.28912348, 0.13057433]
==============================================
[0.99872947, 0.033885807, 0.07076372, -0.009737599, 0.045905054, 0.05089657, 0.007872647, 0.019007128]
==============================================
[0.99897283, 0.037787985, 0.072913185, -0.008277567, 0.051107783, 0.053212464, 0.010553407, 0.022490146]
==============================================
[0.06852121, 0.16634992, 0.21347804, 0.1768897, 0.15085125, 0.51826394, 0.2098048, 0.15525933]
==============================================
[0.9970829, 0.036398724, 0.07564651, -0.0031778244, 0.049504288, 0.051610865, 0.0144306775, 0.024612332, 0.07042241]
==============================================
[0.9970468, 0.03935704, 0.077916965, 0.009745302, 0.05230269, 0.05968086, 0.01725602, 0.03134925, 0.07735546]
==============================================
[0.9991346, 0.037113078, 0.07261686, -0.0008219322, 0.048010066, 0.054882083, 0.013461477, 0.02474764, 0.06747241]
==============================================
[0.99742115, 0.03766024, 0.07589159, 0.0055688843, 0.05379145, 0.058533534, 0.015075699, 0.029549228, 0.070695795]
==============================================
[0.061297268, 0.051681574, 0.1600709, 0.18962714, 0.1847442, 0.13910742, 0.10901709, 0.3560515, 0.09877486]
==============================================
[0.9974351, 0.034418616, 0.070561215, 0.0014971904, 0.047085404, 0.05493789, 0.012898572, 0.02279682, 0.06901896, 0.05442506]
==============================================
[0.9973978, 0.035595708, 0.071853556, -0.0042130174, 0.045131437, 0.052181996, 0.01027027, 0.0203827, 0.06811017, 0.051182255]
==============================================
[0.9961681, 0.034651704, 0.072017536, 0.003950691, 0.047921624, 0.056105077, 0.015157152, 0.025554568, 0.07486212, 0.057301275]
==============================================
[0.9951017, 0.043727767, 0.08943312, 0.010173711, 0.058992077, 0.06475936, 0.0240798, 0.040853925, 0.08260891, 0.0754897]
==============================================
[0.9964686, 0.03859407, 0.07524607, -0.0036508031, 0.05304537, 0.053261373, 0.013363719, 0.027659053, 0.06942351, 0.07094665]
==============================================
[0.9976827, 0.03561192, 0.06931958, -0.013291529, 0.04383176, 0.049440444, 0.0072953105, 0.017077316, 0.062139884, 0.054306272]
==============================================
[0.99525654, 0.036970247, 0.07843372, 0.0024891635, 0.052089464, 0.055478115, 0.017656479, 0.02895031, 0.07499422, 0.07211301]
==============================================
[0.99568206, 0.03854899, 0.07274598, -0.013552339, 0.04916388, 0.050637662, 0.0083356835, 0.021406371, 0.061425734, 0.06399232]
==============================================
[0.99525565, 0.03899584, 0.07085959, -0.0010931706, 0.050018553, 0.05758118, 0.010018876, 0.021893904, 0.06877178, 0.053317472]
==============================================
[0.99933034, 0.036745586, 0.073835574, -0.0023301719, 0.049814012, 0.053743333, 0.014417956, 0.023831215, 0.06793827, 0.056539524]
==============================================
[0.99914515, 0.03798636, 0.07250001, -0.003935584, 0.048772678, 0.05581493, 0.012648789, 0.022943856, 0.06787179, 0.058266833]
==============================================
[0.9979404, 0.03861387, 0.07679248, 0.0059053022, 0.051911455, 0.057157613, 0.018227894, 0.027258512, 0.07395523, 0.0628212]
==============================================
[0.99765265, 0.035918526, 0.071429186, -0.0037992606, 0.04522167, 0.053014744, 0.011367716, 0.022159744, 0.06780813, 0.052199356]
==============================================
[0.994115, 0.039692335, 0.075788364, 0.011987707, 0.048701096, 0.05914121, 0.021292461, 0.028253207, 0.07591826, 0.055598326]
==============================================
[0.9981024, 0.036347166, 0.072682776, -0.0047001904, 0.05037786, 0.05086224, 0.013654747, 0.023170475, 0.06778993, 0.061837595]
==============================================
[0.99819756, 0.03847997, 0.079373375, 0.0032405546, 0.05336933, 0.0603404, 0.018138442, 0.030008148, 0.07424157, 0.06592542]
==============================================
[0.99862784, 0.035465524, 0.07288126, -0.0007564286, 0.049018487, 0.05659941, 0.013712441, 0.023241471, 0.06906305, 0.057099566]
==============================================
[0.9975314, 0.034794018, 0.066695064, -0.0066670794, 0.044807613, 0.052769486, 0.010683844, 0.017299175, 0.06651507, 0.049757883]
==============================================
[0.99881315, 0.037127037, 0.07406598, 0.0030504633, 0.049269795, 0.056279965, 0.015146872, 0.025787082, 0.07170127, 0.05879403]
==============================================
[0.9993508, 0.036721274, 0.07269931, 0.0020705163, 0.04872865, 0.057172704, 0.016201627, 0.024918966, 0.07148275, 0.058140174]
==============================================
[0.9968939, 0.037865203, 0.072728515, 0.00358913, 0.05642546, 0.059698313, 0.019166466, 0.030348403, 0.074613824, 0.06117483]
==============================================
[0.99572635, 0.040607814, 0.07860859, 0.007788033, 0.05481276, 0.061765175, 0.020334622, 0.031007633, 0.07632272, 0.061584167]
==============================================
[0.995176, 0.035053976, 0.07392305, 0.0075894045, 0.049673043, 0.05659062, 0.016929429, 0.025322126, 0.07367708, 0.056580894]
==============================================
[0.9990426, 0.038275454, 0.07626923, -0.0008818442, 0.049192034, 0.05392141, 0.014486759, 0.024432976, 0.072019756, 0.061734498]
==============================================
[0.9959699, 0.042074338, 0.07827639, 0.010143091, 0.055215243, 0.061731674, 0.020512816, 0.033992656, 0.076443374, 0.05954739]
==============================================
[0.9957869, 0.037341464, 0.072177656, 0.004937103, 0.049227703, 0.05650107, 0.016084092, 0.024873652, 0.072191894, 0.053545877]
==============================================
[0.99748755, 0.038253147, 0.07539748, -0.0008760579, 0.055406146, 0.058718752, 0.014571602, 0.030074794, 0.07061319, 0.06727736]
==============================================
[0.99873626, 0.03562228, 0.07017109, -0.010123809, 0.04861668, 0.050846204, 0.009010123, 0.020297231, 0.06348803, 0.057187736]
==============================================
[0.9987656, 0.038669378, 0.07673229, 0.00047368277, 0.04848239, 0.05169814, 0.016660877, 0.02385668, 0.068684265, 0.058639828]
==============================================
[0.99448454, 0.04028824, 0.07852573, -0.0056571634, 0.051415145, 0.05129648, 0.013170756, 0.026996367, 0.066713415, 0.07154192]
==============================================
[0.99732196, 0.039036, 0.07388487, 0.0024084542, 0.05012414, 0.056964885, 0.012398398, 0.025988579, 0.07074028, 0.057869636]
==============================================
[0.99858844, 0.035025403, 0.07191342, 0.00049201306, 0.04944344, 0.056857675, 0.012593427, 0.024741968, 0.06929073, 0.058299802]
==============================================
[0.99849737, 0.03627594, 0.07166051, -0.0035900902, 0.048434056, 0.0547442, 0.010792036, 0.022211019, 0.0671036, 0.055162083]
==============================================
[0.9950173, 0.042770855, 0.07895217, 0.0050801802, 0.054486766, 0.059217986, 0.018439908, 0.034597505, 0.07414912, 0.06872982]
==============================================
[0.9901962, 0.036380626, 0.076089755, 0.016320921, 0.05338876, 0.066014305, 0.018768871, 0.03404662, 0.07979397, 0.062055495]
==============================================
[0.99779916, 0.038414255, 0.07552625, 0.006105773, 0.052887294, 0.059595805, 0.015446847, 0.027845297, 0.07222988, 0.0601581]
==============================================
[0.997837, 0.035939507, 0.07148471, -0.008731613, 0.05057156, 0.05029315, 0.010301723, 0.021490345, 0.062828995, 0.06247343]
==============================================
[0.99765575, 0.039338082, 0.076802045, 0.006799291, 0.05297265, 0.0598523, 0.019948205, 0.029433941, 0.07578753, 0.067039795]
==============================================
[0.9987041, 0.036909632, 0.07164928, -0.0036905613, 0.04839712, 0.053912558, 0.013753774, 0.020949444, 0.06841729, 0.053828705]
==============================================
[0.9975088, 0.035994075, 0.071579665, -0.008809573, 0.050954457, 0.05250565, 0.011852188, 0.023369147, 0.063492805, 0.0612505]
==============================================
[0.9973426, 0.04045046, 0.076170385, 0.001570004, 0.054678686, 0.06166414, 0.015597008, 0.029834755, 0.07387927, 0.06415115]
==============================================
[0.9990512, 0.038598914, 0.073488355, -0.0029495703, 0.051434696, 0.056223176, 0.013652069, 0.024076387, 0.07014343, 0.05756903]
==============================================
[0.99637544, 0.04048468, 0.07417209, -0.0013096379, 0.052027896, 0.055315092, 0.013140838, 0.028712433, 0.06867848, 0.06359065]
==============================================
[0.99856573, 0.03604983, 0.07008309, -0.0027260734, 0.046059288, 0.054239057, 0.012727879, 0.02220922, 0.06887403, 0.053423226]
==============================================
[0.99585974, 0.037531957, 0.072605126, 0.008694443, 0.0486613, 0.05783537, 0.017676197, 0.027198324, 0.07601326, 0.057599947]
==============================================
[0.9980694, 0.034159444, 0.070018835, -0.009577844, 0.0459664, 0.052165024, 0.007194821, 0.019378822, 0.06406609, 0.05519325]
==============================================
[0.99569917, 0.03761753, 0.07454808, -0.012225447, 0.050050095, 0.04928822, 0.009430084, 0.023502294, 0.06220795, 0.06486069]
==============================================
[0.9988818, 0.03715302, 0.07292902, -0.007143652, 0.049242795, 0.053052988, 0.011744797, 0.02153477, 0.06499426, 0.056356426]
==============================================
[0.9964925, 0.03428169, 0.068505555, -0.0142257055, 0.044279043, 0.05115819, 0.006378676, 0.017304413, 0.06279842, 0.056276716]
==============================================
[0.9894346]
==============================================
[0.99774516]
==============================================
[0.99750155]
==============================================
[0.9982376]
==============================================
[0.99808556]
==============================================
[0.9960978]
==============================================
[0.9951493]
==============================================
[0.9954541]
==============================================
[0.9984547]
==============================================
[0.9957766]
==============================================
[0.9978508]
==============================================
[0.9975774]
==============================================
[0.99605906]
==============================================
[0.99916774]
==============================================
[0.9976127]
==============================================
[0.99739385]
==============================================
[0.9979877]
==============================================
[0.99594307]
==============================================
[0.99936914]
==============================================
[0.9971664]
==============================================
[0.99771893]
==============================================
[0.99689597]
==============================================
[0.9973812]
==============================================
[0.99781847]
==============================================
[0.99786955]
==============================================
[0.99664176]
==============================================
[0.99917465]
==============================================
[0.99631155]
==============================================
[0.99672055]
==============================================
[0.99768466]
==============================================
[0.9966526]
==============================================
[0.99817437]
==============================================
[0.9961641]
==============================================
[0.9948753]
==============================================
[0.9987624]
==============================================
[0.9947002]
==============================================
[0.9987393]
==============================================
[0.9972783]
==============================================
[0.06369299]
==============================================
[0.99636555, 0.072050914]
==============================================
[0.99698645, 0.06979546]
==============================================
[0.9991834, 0.060788903]
==============================================
[0.9990839, 0.059674613]
==============================================
[0.9977107, 0.06192588]
==============================================
[0.03756085, 0.08624169]
==============================================
[0.99760556, 0.057964116, 0.03275135]
==============================================
[0.99463403, 0.06652228, 0.042251397]
==============================================
[0.99752146, 0.06496459, 0.03599103]
==============================================
[0.9977155, 0.060137853, 0.037456214]
==============================================
[0.998291, 0.06430775, 0.039467104]
==============================================
[0.9950191, 0.06650997, 0.040732674]
==============================================
[0.9953981, 0.06566758, 0.03663928]
==============================================
[0.9975441, 0.0611652, 0.032504596]
==============================================
[0.9989922, 0.063155115, 0.038131658]
==============================================
[0.9988674, 0.0627616, 0.0356754]
==============================================
[0.99772465, 0.062926084, 0.037259452]
==============================================
[0.9992044, 0.06418816, 0.04003119]
==============================================
[0.99857473, 0.05895356, 0.03557501]
==============================================
[0.99873924, 0.06363561, 0.04094639]
==============================================
[0.9992547, 0.06465124, 0.039409585]
==============================================
[0.9979891, 0.0602466, 0.034494158]
==============================================
[0.9992229, 0.062553115, 0.03874181]
==============================================
[0.9962773, 0.06399359, 0.038053166]
==============================================
[0.9968821, 0.06218671, 0.03716733]
==============================================
[0.997873, 0.06228989, 0.033579715]
==============================================
[0.99874496, 0.06360799, 0.036243144]
==============================================
[0.99671185, 0.0655807, 0.039199676]
==============================================
[0.99766004, 0.065642804, 0.03917467]
==============================================
[0.9982039, 0.06235391, 0.037645854]
==============================================
[0.99709547, 0.063844465, 0.03962133]
==============================================
[0.99638784, 0.06700568, 0.043207817]
==============================================
[0.9951852, 0.0706634, 0.0428945]
==============================================
[0.9990889, 0.06202642, 0.03843531]
==============================================
[0.99750376, 0.061418008, 0.037539832]
==============================================
[0.99857205, 0.061956473, 0.037011586]
==============================================
[0.99821645, 0.06311639, 0.04138215]
==============================================
[0.9943023, 0.070553035, 0.04324599]
==============================================
[0.059762053, 0.15295693, 0.32756442]
==============================================
[0.9956304, 0.06586773, 0.03763512, 0.06607411]
==============================================
[0.99950325, 0.06496734, 0.038039356, 0.060537007]
==============================================
[0.9986905, 0.060924605, 0.036716238, 0.05384717]
==============================================
[0.9988406, 0.06103961, 0.032911066, 0.056522675]
==============================================
[0.9977578, 0.06767425, 0.040703338, 0.06764595]
==============================================
[0.9965715, 0.058937933, 0.03622234, 0.048140913]
==============================================
[0.9987754, 0.061906807, 0.039178792, 0.062480398]
==============================================
[0.9977224, 0.061559357, 0.0348956, 0.059872136]
==============================================
[0.9945004, 0.061558083, 0.03977126, 0.05047419]
==============================================
[0.99545026, 0.062361248, 0.04179429, 0.054156214]
==============================================
[0.9978554, 0.06413489, 0.04087513, 0.056949515]
==============================================
[0.9982369, 0.06713385, 0.039158467, 0.064288564]
==============================================
[0.99576604, 0.06680876, 0.04498321, 0.053302385]
==============================================
[0.99957776, 0.06405505, 0.03802335, 0.06017016]
==============================================
[0.9950357, 0.06686433, 0.04141753, 0.06298208]
==============================================
[0.9974832, 0.064017475, 0.036117803, 0.065665565]
==============================================
[0.9973185, 0.060538054, 0.039306145, 0.051919606]
==============================================
[0.9994359, 0.06130561, 0.037569847, 0.057871513]
==============================================
[0.05731887, 0.12909967, 0.17851947, 0.22385526]
==============================================
[0.99880475, 0.0630483, 0.038131922, 0.056198455, 0.057905678]
==============================================
[0.9983239]
==============================================
[0.99785185]
==============================================
[0.9982471]
==============================================
[0.9974065]
==============================================
[0.997838]
==============================================
[0.98932076]
==============================================
[0.99908227]
==============================================
[0.9962294]
==============================================
[0.99752337]
==============================================
[0.9989775]
==============================================
[0.99741423]
==============================================
[0.99951994]
==============================================
[0.9951026]
==============================================
[0.9993526]
==============================================
[0.99685985]
==============================================
[0.9978657]
==============================================
[0.9966898]
==============================================
[0.9955386]
==============================================
[0.98331356]
==============================================
[0.9955626]
==============================================
[0.99912024]
==============================================
[0.9930644]
==============================================
[0.99606436]
==============================================
[0.9980711]
==============================================
[0.9977672]
==============================================
[0.99822783]
==============================================
[0.99762696]
==============================================
[0.9986667]
==============================================
[0.9978883]
==============================================
[0.98914325]
==============================================
[0.9985425]
==============================================
[0.9996161]
==============================================
[0.9950222]
==============================================
[0.99630564]
==============================================
[0.9995628]
==============================================
[0.9980244]
==============================================
[0.9982162]
==============================================
[0.99220383]
==============================================
[0.9986041]
==============================================
[0.9916532]
==============================================
[0.9971074]
==============================================
[0.9990056]
==============================================
[0.9934213]
==============================================
[0.99942106]
==============================================
[0.998103]
==============================================
[0.99815214]
==============================================
[0.9978925]
==============================================
[0.9970951]
==============================================
[0.99609596]
==============================================
[0.9936157]
==============================================
[0.99619037]
==============================================
[0.99731815]
==============================================
[0.9957736]
==============================================
[0.9990459]
==============================================
[0.99350226]
==============================================
[0.99202347]
==============================================
[0.9991558]
==============================================
[0.99850965]
==============================================
[0.9982757]
==============================================
[0.9983319]
==============================================
[0.99695146]
==============================================
[0.99874496]
==============================================
[0.9991816]
==============================================
[0.9961728]
==============================================
[0.99613905]
==============================================
[0.9966487]
==============================================
[0.99648345]
==============================================
[0.99824536]
==============================================
[0.9976836]
==============================================
[0.99283826]
==============================================
[0.99802774]
==============================================
[0.99808264]
==============================================
[0.99761367]
==============================================
[0.9973876]
==============================================
[0.99620855]
==============================================
[0.9994041]
==============================================
[0.9984938]
==============================================
[0.9976901]
==============================================
[0.99826014]
==============================================
[0.997652]
==============================================
[0.9972349]
==============================================
[0.99625117]
==============================================
[0.9963623]
==============================================
[0.9936569]
==============================================
[0.99235034]
==============================================
[0.9974214]
==============================================
[0.110423535]
==============================================
[0.99827576, 0.1043614]
==============================================
[0.9975058, 0.11459067]
==============================================
[0.9989946, 0.110789485]
==============================================
[0.9950447, 0.113554336]
==============================================
[0.9948965, 0.10986648]
==============================================
[0.9940514, 0.12627295]
==============================================
[0.99359983, 0.096071705]
==============================================
[0.999014, 0.10516441]
==============================================
[0.9957731, 0.115518294]
==============================================
[0.99747634, 0.12099277]
==============================================
[0.9973351, 0.11264972]
==============================================
[0.9959776, 0.12071775]
==============================================
[0.9993788, 0.11077127]
==============================================
[0.9972081, 0.110451564]
==============================================
[0.9978615, 0.11320405]
==============================================
[0.99772686, 0.11954473]
==============================================
[0.10767618, 0.23102398]
==============================================
[0.9981541, 0.112382725, 0.110013664]
==============================================
[0.99531835, 0.113152444, 0.10624088]
==============================================
[0.999123, 0.10853859, 0.10679902]
==============================================
[0.9990721, 0.10907129, 0.10649802]
==============================================
[0.9978659, 0.11350042, 0.11156917]
==============================================
[0.99237007, 0.12291348, 0.11741669]
==============================================
[0.9994867, 0.10639641, 0.1039247]
==============================================
[0.99880093, 0.11698203, 0.11252704]
==============================================
[0.9993273, 0.116020516, 0.111651026]
==============================================
[0.99849457, 0.106399715, 0.10418156]
==============================================
[0.9977047, 0.11573943, 0.10864395]
==============================================
[0.9966307, 0.109704316, 0.10489905]
==============================================
[0.99628717, 0.11278291, 0.106172234]
==============================================
[0.99679077, 0.11097904, 0.10256452]
==============================================
[0.9981433, 0.10711905, 0.110361114]
==============================================
[0.99650264, 0.11958576, 0.1131382]
==============================================
[0.9958906, 0.11321033, 0.110753044]
==============================================
[0.98791504]
==============================================
[0.99623907]
==============================================
[0.9971216]
==============================================
[0.99773884]
==============================================
[0.9970741]
==============================================
[0.99695766]
==============================================
[0.9987728]
==============================================
[0.99500966]
==============================================
[0.9984141]
==============================================
[0.9955531]
==============================================
[0.998448]
==============================================
[0.9975598]
==============================================
[0.99760896]
==============================================
[0.9988998]
==============================================
[0.9988089]
==============================================
[0.9976065]
==============================================
[0.99682224]
==============================================
[0.9967028]
==============================================
[0.99308646]
==============================================
[0.9977523]
==============================================
[0.99798095]
==============================================
[0.9993534]
==============================================
[0.9971956]
==============================================
[0.99703765]
==============================================
[0.9985906]
==============================================
[0.9990653]
==============================================
[0.99687314]
==============================================
[0.9982649]
==============================================
[0.99250436]
==============================================
[0.99721587]
==============================================
[0.99855936]
==============================================
[0.9968391]
==============================================
[0.9881046]
==============================================
[0.99727774]
==============================================
[0.99860895]
==============================================
[0.99077255]
==============================================
[0.9949523]
==============================================
[0.9987073]
==============================================
[0.99685115]
==============================================
[0.998073]
==============================================
[0.9918141]
==============================================
[0.9933568]
==============================================
[0.9988345]
==============================================
[0.9971922]
==============================================
[0.99891293]
==============================================
[0.9956616]
==============================================
[0.99769646]
==============================================
[-0.03548771]
==============================================
[0.9991981, -0.03407512]
==============================================
[0.99855244, -0.03776049]
==============================================
[0.993981, -0.03437823]
==============================================
[0.9988383, -0.03580483]
==============================================
[-0.0001963377, 0.49976057]
==============================================
[0.9985211, -0.03927139, -0.0037162825]
==============================================
[0.994946, -0.036362275, -0.0038108937]
==============================================
[0.9971417, -0.036288545, 0.0038811015]
==============================================
[0.06951684, 0.42548516, 0.50670874]
==============================================
[0.99647856, -0.034486353, -0.0014836886, 0.07081944]
==============================================
[0.98240304, -0.039383546, 0.00027699955, 0.08270725]
==============================================
[0.99754304, -0.031293128, 0.004901383, 0.07620886]
==============================================
[0.9946697, -0.03465996, -0.0010418887, 0.07187837]
==============================================
[0.9974399, -0.037960112, -0.0013595326, 0.068260506]
==============================================
[0.9958647, -0.03489978, -0.00068470696, 0.07231054]
==============================================
[0.99899906, -0.034855857, 0.00088380463, 0.07402654]
==============================================
[0.998327, -0.034882426, 0.0007077195, 0.07022641]
==============================================
[0.9975504, -0.038978472, -0.0022524977, 0.063496634]
==============================================
[0.99569017, -0.03886076, -0.0028206138, 0.05972315]
==============================================
[0.99876386, -0.032967974, 0.0044361087, 0.07471533]
==============================================
[0.99708384, -0.038500823, -0.0028822012, 0.06455198]
==============================================
[0.9984002, -0.03416819, -0.002314536, 0.06639462]
==============================================
[0.99808186, -0.03360238, 0.002178892, 0.075432174]
==============================================
[0.99777144, -0.033200733, 0.0011545122, 0.07200944]
==============================================
[0.99738127, -0.03271336, -0.00032521645, 0.06964934]
==============================================
[0.9941746, -0.03179411, 0.005399129, 0.07799828]
==============================================
[0.9974241, -0.03701259, -0.0014109965, 0.06538993]
==============================================
[0.9950206, -0.03486617, -0.0032385634, 0.0597843]
==============================================
[0.9982541, -0.03727107, -0.0047289357, 0.067348585]
==============================================
[0.99153817, -0.031577133, 0.0032941, 0.08078384]
==============================================
[0.99723756, -0.03863678, 0.0010212902, 0.067066945]
==============================================
[0.99359024, -0.036638424, -0.0019537946, 0.07152584]
==============================================
[0.9971175, -0.03433254, 7.650256e-05, 0.07327629]
==============================================
[0.9964582, -0.03613247, -0.002223108, 0.07409234]
==============================================
[0.997475, -0.036585413, 0.00012389664, 0.067688346]
==============================================
[0.9990315, -0.036736615, -0.000918651, 0.06922159]
==============================================
[0.9954169, -0.037847962, -0.003712763, 0.06747652]
==============================================
[0.9963337, -0.04057324, -0.0037079472, 0.07080177]
==============================================
[0.9985765, -0.03616133, -0.001110212, 0.0676069]
==============================================
[0.9972564, -0.03309687, -0.00092754466, 0.0732662]
==============================================
[0.99833244, -0.03679706, -0.004055963, 0.0639601]
==============================================
[0.9992033, -0.035478324, -0.00089961244, 0.06966028]
==============================================
[0.019067803, 0.44922757, 0.41662186, 0.37765154]
==============================================
[0.99777764, -0.037982736, -0.00080237165, 0.06481085, 0.016337616]
==============================================
[0.99885, -0.035223886, -0.0023615696, 0.06916797, 0.017615655]
==============================================
[0.9985383, -0.03497389, 0.001771722, 0.06869221, 0.020145051]
==============================================
[0.9927256, -0.03171031, 0.0049386425, 0.07531867, 0.026026698]
==============================================
[0.07155059, 0.1656776, 0.19036698, 0.20255928, 0.17850898]
==============================================
[0.99507535, -0.040877964, -0.0015535154, 0.072866194, 0.020804148, 0.06666628]
==============================================
[0.998971, -0.036947377, -0.0019907197, 0.06882948, 0.01781122, 0.07251586]
==============================================
[0.9988749, -0.038587335, -0.0007158099, 0.06865236, 0.015427375, 0.07038605]
==============================================
[0.99792135, -0.03297706, 6.1358325e-05, 0.07396366, 0.020270392, 0.080235556]
==============================================
[0.9977338, -0.035090465, 6.254157e-05, 0.07061605, 0.021712452, 0.0665176]
==============================================
[0.08709129, 0.15057936, 0.11900015, 0.22469945, 0.13627577, 0.3166263]
==============================================
[0.99867827, -0.03789665, 0.0011401884, 0.07410755, 0.02221334, 0.06970019, 0.087382756]
==============================================
[0.99831426, -0.03940074, -0.0012301356, 0.067087926, 0.015908163, 0.06567453, 0.080682024]
==============================================
[0.99674475, -0.036458567, 0.0023958003, 0.07115725, 0.019498508, 0.074233755, 0.09273087]
==============================================
[0.99919915, -0.03415679, 0.0024124817, 0.07383511, 0.022404986, 0.07547375, 0.08945772]
==============================================
[0.9984375, -0.037364766, -0.0022015134, 0.06493666, 0.01648422, 0.06438252, 0.08054454]
==============================================
[0.9975927, -0.036462765, -0.003899482, 0.06610343, 0.017496638, 0.06711975, 0.08028005]
==============================================
[0.99884945, -0.033416867, 0.00022181962, 0.06836293, 0.018512571, 0.07321881, 0.08984747]
==============================================
[0.9957026, -0.033688355, -0.0026255595, 0.06735995, 0.020317491, 0.06803845, 0.07874207]
==============================================
[0.9967449, -0.03811326, -0.0024765339, 0.07213863, 0.022074677, 0.06910794, 0.081504874]
==============================================
[0.99846554, -0.035863813, -0.00010753516, 0.07020811, 0.01755942, 0.07150777, 0.085969955]
==============================================
[0.991387, -0.0341769, 0.0044300687, 0.07211363, 0.018791202, 0.07803092, 0.10139503]
==============================================
[0.99766475, -0.030894693, 0.0011275779, 0.07508768, 0.023935938, 0.079431385, 0.09388506]
==============================================
[0.9991644, -0.03483512, -0.0019592196, 0.071792655, 0.01812391, 0.07463227, 0.09119609]
==============================================
[0.99860626, -0.03518034, -0.0014718147, 0.066810034, 0.01802353, 0.07496987, 0.09222511]
==============================================
[0.9960918, -0.03848651, -0.0015122229, 0.06900629, 0.017658714, 0.066888265, 0.07849144]
==============================================
[0.99768513, -0.036919475, -0.0043604574, 0.06596569, 0.017436879, 0.063806266, 0.07780974]
==============================================
[0.9972493, -0.035801202, -0.0018363139, 0.063842274, 0.016859403, 0.062974274, 0.07837488]
==============================================
[0.9975268, -0.034385562, 0.0013718568, 0.06952933, 0.019963041, 0.072961554, 0.09346571]
==============================================
[0.99897134, -0.036477126, -0.00025198422, 0.0692575, 0.017898101, 0.06998703, 0.085245654]
==============================================
[0.9941304, -0.03523364, -0.0022255993, 0.069627985, 0.018839955, 0.06634334, 0.07946402]
==============================================
[0.99581623, -0.035491098, -0.0027137157, 0.06216155, 0.014710683, 0.06852639, 0.08703525]
==============================================
[0.9980217, -0.034623772, 0.0019129105, 0.07048748, 0.018295739, 0.07472352, 0.09179888]
==============================================
[0.05958106, 0.53963536, 0.49723595, 0.47725824, 0.49737167, 0.25634083, 0.21256192]
==============================================
[0.99436873, -0.028622031, 0.004765455, 0.07965999, 0.0283175, 0.0815702, 0.101274654, 0.06254906]
==============================================
[0.99651945, -0.03665439, 0.0010701483, 0.06909635, 0.017381214, 0.0718959, 0.09123046, 0.061915632]
==============================================
[0.99705637, -0.034841448, -0.0013383972, 0.06694175, 0.01896674, 0.062160194, 0.07676996, 0.056045942]
==============================================
[0.99515855]
==============================================
[0.9948236]
==============================================
[0.99933237]
==============================================
[0.9923492]
==============================================
[0.99901974]
==============================================
[0.99654824]
==============================================
[0.9973378]
==============================================
[0.99889016]
==============================================
[0.9977461]
==============================================
[0.99417377]
==============================================
[0.991436]
==============================================
[0.9973132]
==============================================
[0.9993201]
==============================================
[0.9883074]
==============================================
[0.99851507]
==============================================
[0.9934625]
==============================================
[0.99941635]
==============================================
[0.99698573]
==============================================
[0.9963679]
==============================================
[0.99915856]
==============================================
[0.9950656]
==============================================
[0.999059]
==============================================
[0.99254394]
==============================================
[0.99648744]
==============================================
[0.9993046]
==============================================
[0.99696493]
==============================================
[0.9973929]
==============================================
[0.9985073]
==============================================
[0.99751294]
==============================================
[0.9979284]
==============================================
[0.99679327]
==============================================
[0.9977138]
==============================================
[0.996654]
==============================================
